<?xml version="1.0" encoding="UTF-8"?>
<!-- Generated by org.testng.reporters.JUnitReportReporter -->
<testsuite hostname="VAIO" name="ru.stqa.selenium.Login2Test" tests="1" failures="0" timestamp="17 Jul 2016 17:47:52 GMT" time="7.420" errors="0">
  <testcase name="login2Test" time="7.420" classname="ru.stqa.selenium.Login2Test"/>
</testsuite> <!-- ru.stqa.selenium.Login2Test -->
