<?xml version="1.0" encoding="UTF-8"?>
<!-- Generated by org.testng.reporters.JUnitReportReporter -->
<testsuite hostname="VAIO" name="ru.stqa.selenium.LoginTest" tests="1" failures="0" timestamp="17 Jul 2016 19:20:18 GMT" time="4.800" errors="0">
  <testcase name="testLogin" time="4.800" classname="ru.stqa.selenium.LoginTest"/>
</testsuite> <!-- ru.stqa.selenium.LoginTest -->
